<?xml version="1.0" encoding="UTF-8"?>
<coverage generated="1763975198459" clover="3.2.0">
  <project timestamp="1763975198459" name="All files">
    <metrics statements="7" coveredstatements="7" conditionals="2" coveredconditionals="1" methods="4" coveredmethods="4" elements="13" coveredelements="12" complexity="0" loc="7" ncloc="7" packages="2" files="2" classes="2"/>
    <package name="components">
      <metrics statements="5" coveredstatements="5" conditionals="2" coveredconditionals="1" methods="3" coveredmethods="3"/>
      <file name="TimerDisplay.tsx" path="/Users/giwan/Sandbox/Pomodoro/basic-pom/src/components/TimerDisplay.tsx">
        <metrics statements="5" coveredstatements="5" conditionals="2" coveredconditionals="1" methods="3" coveredmethods="3"/>
        <line num="9" count="1" type="stmt"/>
        <line num="10" count="2" type="stmt"/>
        <line num="12" count="2" type="stmt"/>
        <line num="14" count="2" type="stmt"/>
        <line num="19" count="1" type="cond" truecount="1" falsecount="1"/>
      </file>
    </package>
    <package name="utils">
      <metrics statements="2" coveredstatements="2" conditionals="0" coveredconditionals="0" methods="1" coveredmethods="1"/>
      <file name="formatting.ts" path="/Users/giwan/Sandbox/Pomodoro/basic-pom/src/utils/formatting.ts">
        <metrics statements="2" coveredstatements="2" conditionals="0" coveredconditionals="0" methods="1" coveredmethods="1"/>
        <line num="1" count="2" type="stmt"/>
        <line num="2" count="10" type="stmt"/>
      </file>
    </package>
  </project>
</coverage>
