<?xml version="1.0" encoding="UTF-8"?>
<coverage generated="1763993210380" clover="3.2.0">
  <project timestamp="1763993210380" name="All files">
    <metrics statements="211" coveredstatements="182" conditionals="83" coveredconditionals="55" methods="74" coveredmethods="62" elements="368" coveredelements="299" complexity="0" loc="211" ncloc="211" packages="4" files="10" classes="10"/>
    <package name="components">
      <metrics statements="73" coveredstatements="68" conditionals="26" coveredconditionals="16" methods="38" coveredmethods="32"/>
      <file name="ConfigModal.tsx" path="/Users/giwan/Sandbox/Pomodoro/basic-pom/src/components/ConfigModal.tsx">
        <metrics statements="43" coveredstatements="38" conditionals="8" coveredconditionals="2" methods="22" coveredmethods="17"/>
        <line num="20" count="1" type="stmt"/>
        <line num="26" count="1" type="stmt"/>
        <line num="27" count="3" type="cond" truecount="1" falsecount="1"/>
        <line num="28" count="3" type="stmt"/>
        <line num="32" count="0" type="stmt"/>
        <line num="36" count="1" type="stmt"/>
        <line num="43" count="1" type="stmt"/>
        <line num="44" count="3" type="stmt"/>
        <line num="47" count="3" type="stmt"/>
        <line num="49" count="3" type="stmt"/>
        <line num="50" count="3" type="stmt"/>
        <line num="51" count="3" type="stmt"/>
        <line num="54" count="3" type="stmt"/>
        <line num="55" count="0" type="cond" truecount="0" falsecount="2"/>
        <line num="58" count="3" type="stmt"/>
        <line num="59" count="3" type="stmt"/>
        <line num="62" count="3" type="stmt"/>
        <line num="63" count="3" type="stmt"/>
        <line num="66" count="3" type="stmt"/>
        <line num="67" count="0" type="cond" truecount="0" falsecount="2"/>
        <line num="68" count="0" type="stmt"/>
        <line num="71" count="3" type="stmt"/>
        <line num="72" count="1" type="stmt"/>
        <line num="73" count="1" type="stmt"/>
        <line num="76" count="3" type="stmt"/>
        <line num="77" count="3" type="stmt"/>
        <line num="78" count="3" type="stmt"/>
        <line num="84" count="3" type="stmt"/>
        <line num="86" count="3" type="stmt"/>
        <line num="87" count="3" type="stmt"/>
        <line num="90" count="9" type="stmt"/>
        <line num="93" count="18" type="stmt"/>
        <line num="94" count="0" type="stmt"/>
        <line num="96" count="3" type="stmt"/>
        <line num="104" count="3" type="stmt"/>
        <line num="105" count="3" type="stmt"/>
        <line num="110" count="4" type="stmt"/>
        <line num="121" count="1" type="stmt"/>
        <line num="122" count="3" type="stmt"/>
        <line num="132" count="1" type="cond" truecount="1" falsecount="1"/>
        <line num="134" count="1" type="stmt"/>
        <line num="135" count="3" type="stmt"/>
        <line num="140" count="3" type="stmt"/>
      </file>
      <file name="NumberInput.tsx" path="/Users/giwan/Sandbox/Pomodoro/basic-pom/src/components/NumberInput.tsx">
        <metrics statements="8" coveredstatements="8" conditionals="4" coveredconditionals="3" methods="5" coveredmethods="4"/>
        <line num="11" count="1" type="stmt"/>
        <line num="12" count="9" type="stmt"/>
        <line num="14" count="9" type="stmt"/>
        <line num="15" count="9" type="stmt"/>
        <line num="19" count="18" type="cond" truecount="2" falsecount="0"/>
        <line num="24" count="9" type="stmt"/>
        <line num="25" count="9" type="stmt"/>
        <line num="34" count="1" type="cond" truecount="1" falsecount="1"/>
      </file>
      <file name="ProgressBar.tsx" path="/Users/giwan/Sandbox/Pomodoro/basic-pom/src/components/ProgressBar.tsx">
        <metrics statements="8" coveredstatements="8" conditionals="6" coveredconditionals="5" methods="3" coveredmethods="3"/>
        <line num="9" count="1" type="stmt"/>
        <line num="10" count="3" type="stmt"/>
        <line num="11" count="3" type="cond" truecount="2" falsecount="0"/>
        <line num="12" count="2" type="stmt"/>
        <line num="15" count="3" type="stmt"/>
        <line num="19" count="3" type="stmt"/>
        <line num="20" count="3" type="cond" truecount="2" falsecount="0"/>
        <line num="26" count="1" type="cond" truecount="1" falsecount="1"/>
      </file>
      <file name="TileButton.tsx" path="/Users/giwan/Sandbox/Pomodoro/basic-pom/src/components/TileButton.tsx">
        <metrics statements="9" coveredstatements="9" conditionals="6" coveredconditionals="5" methods="5" coveredmethods="5"/>
        <line num="12" count="1" type="stmt"/>
        <line num="13" count="3" type="stmt"/>
        <line num="15" count="3" type="cond" truecount="2" falsecount="0"/>
        <line num="16" count="3" type="stmt"/>
        <line num="17" count="3" type="stmt"/>
        <line num="18" count="3" type="cond" truecount="2" falsecount="0"/>
        <line num="20" count="3" type="stmt"/>
        <line num="21" count="3" type="stmt"/>
        <line num="26" count="1" type="cond" truecount="1" falsecount="1"/>
      </file>
      <file name="TimerDisplay.tsx" path="/Users/giwan/Sandbox/Pomodoro/basic-pom/src/components/TimerDisplay.tsx">
        <metrics statements="5" coveredstatements="5" conditionals="2" coveredconditionals="1" methods="3" coveredmethods="3"/>
        <line num="9" count="1" type="stmt"/>
        <line num="10" count="2" type="stmt"/>
        <line num="12" count="2" type="stmt"/>
        <line num="14" count="2" type="stmt"/>
        <line num="19" count="1" type="cond" truecount="1" falsecount="1"/>
      </file>
    </package>
    <package name="hooks">
      <metrics statements="120" coveredstatements="96" conditionals="53" coveredconditionals="35" methods="34" coveredmethods="28"/>
      <file name="usePomodoro.ts" path="/Users/giwan/Sandbox/Pomodoro/basic-pom/src/hooks/usePomodoro.ts">
        <metrics statements="96" coveredstatements="74" conditionals="45" coveredconditionals="29" methods="27" coveredmethods="22"/>
        <line num="23" count="1" type="stmt"/>
        <line num="29" count="1" type="stmt"/>
        <line num="31" count="6" type="stmt"/>
        <line num="32" count="6" type="stmt"/>
        <line num="33" count="6" type="stmt"/>
        <line num="36" count="6" type="stmt"/>
        <line num="39" count="1" type="stmt"/>
        <line num="40" count="1" type="stmt"/>
        <line num="41" count="1" type="stmt"/>
        <line num="51" count="1" type="stmt"/>
        <line num="55" count="5" type="cond" truecount="1" falsecount="1"/>
        <line num="56" count="5" type="stmt"/>
        <line num="59" count="0" type="cond" truecount="0" falsecount="4"/>
        <line num="60" count="0" type="stmt"/>
        <line num="61" count="0" type="cond" truecount="0" falsecount="2"/>
        <line num="62" count="0" type="stmt"/>
        <line num="64" count="0" type="stmt"/>
        <line num="67" count="0" type="stmt"/>
        <line num="70" count="1" type="stmt"/>
        <line num="71" count="2" type="cond" truecount="3" falsecount="1"/>
        <line num="73" count="2" type="stmt"/>
        <line num="79" count="1" type="stmt"/>
        <line num="86" count="5" type="stmt"/>
        <line num="87" count="5" type="cond" truecount="2" falsecount="0"/>
        <line num="88" count="5" type="cond" truecount="2" falsecount="0"/>
        <line num="89" count="5" type="cond" truecount="2" falsecount="0"/>
        <line num="91" count="5" type="stmt"/>
        <line num="92" count="5" type="stmt"/>
        <line num="93" count="5" type="stmt"/>
        <line num="95" count="5" type="stmt"/>
        <line num="96" count="2" type="cond" truecount="2" falsecount="0"/>
        <line num="97" count="1" type="stmt"/>
        <line num="99" count="2" type="stmt"/>
        <line num="100" count="2" type="stmt"/>
        <line num="103" count="5" type="stmt"/>
        <line num="108" count="5" type="stmt"/>
        <line num="112" count="5" type="cond" truecount="1" falsecount="1"/>
        <line num="113" count="0" type="stmt"/>
        <line num="115" count="5" type="stmt"/>
        <line num="117" count="5" type="stmt"/>
        <line num="119" count="6016" type="stmt"/>
        <line num="120" count="3006" type="stmt"/>
        <line num="121" count="3006" type="stmt"/>
        <line num="122" count="23" type="stmt"/>
        <line num="124" count="5" type="stmt"/>
        <line num="126" count="5" type="cond" truecount="1" falsecount="1"/>
        <line num="130" count="10" type="cond" truecount="2" falsecount="0"/>
        <line num="131" count="10" type="cond" truecount="2" falsecount="0"/>
        <line num="133" count="6" type="stmt"/>
        <line num="139" count="5" type="stmt"/>
        <line num="140" count="3" type="stmt"/>
        <line num="147" count="3" type="stmt"/>
        <line num="150" count="5" type="cond" truecount="1" falsecount="0"/>
        <line num="151" count="1" type="stmt"/>
        <line num="152" count="1" type="stmt"/>
        <line num="153" count="1" type="stmt"/>
        <line num="155" count="1" type="stmt"/>
        <line num="156" count="1" type="stmt"/>
        <line num="158" count="1" type="cond" truecount="2" falsecount="2"/>
        <line num="159" count="0" type="stmt"/>
        <line num="160" count="0" type="stmt"/>
        <line num="161" count="0" type="stmt"/>
        <line num="164" count="1" type="stmt"/>
        <line num="167" count="5" type="stmt"/>
        <line num="168" count="0" type="stmt"/>
        <line num="169" count="0" type="stmt"/>
        <line num="172" count="5" type="stmt"/>
        <line num="173" count="2" type="cond" truecount="3" falsecount="1"/>
        <line num="174" count="0" type="stmt"/>
        <line num="177" count="5" type="stmt"/>
        <line num="178" count="2" type="stmt"/>
        <line num="180" count="2" type="cond" truecount="1" falsecount="1"/>
        <line num="181" count="0" type="stmt"/>
        <line num="182" count="0" type="stmt"/>
        <line num="185" count="2" type="cond" truecount="1" falsecount="1"/>
        <line num="186" count="0" type="stmt"/>
        <line num="187" count="0" type="stmt"/>
        <line num="188" count="0" type="stmt"/>
        <line num="191" count="2" type="stmt"/>
        <line num="192" count="2" type="stmt"/>
        <line num="195" count="5" type="stmt"/>
        <line num="196" count="0" type="stmt"/>
        <line num="197" count="0" type="stmt"/>
        <line num="200" count="5" type="stmt"/>
        <line num="201" count="1" type="stmt"/>
        <line num="202" count="1" type="stmt"/>
        <line num="203" count="1" type="stmt"/>
        <line num="205" count="1" type="stmt"/>
        <line num="206" count="1" type="stmt"/>
        <line num="207" count="1" type="stmt"/>
        <line num="208" count="1" type="stmt"/>
        <line num="211" count="5" type="stmt"/>
        <line num="213" count="5" type="stmt"/>
        <line num="214" count="0" type="stmt"/>
        <line num="215" count="0" type="stmt"/>
        <line num="218" count="5" type="stmt"/>
      </file>
      <file name="useTimer.ts" path="/Users/giwan/Sandbox/Pomodoro/basic-pom/src/hooks/useTimer.ts">
        <metrics statements="24" coveredstatements="22" conditionals="8" coveredconditionals="6" methods="7" coveredmethods="6"/>
        <line num="3" count="1" type="stmt"/>
        <line num="4" count="6" type="stmt"/>
        <line num="5" count="6" type="stmt"/>
        <line num="6" count="6" type="stmt"/>
        <line num="8" count="6" type="stmt"/>
        <line num="9" count="2" type="stmt"/>
        <line num="10" count="2" type="cond" truecount="1" falsecount="1"/>
        <line num="12" count="2" type="stmt"/>
        <line num="13" count="2" type="stmt"/>
        <line num="16" count="6" type="stmt"/>
        <line num="18" count="6" type="stmt"/>
        <line num="19" count="0" type="stmt"/>
        <line num="20" count="0" type="stmt"/>
        <line num="23" count="6" type="stmt"/>
        <line num="24" count="4" type="cond" truecount="2" falsecount="0"/>
        <line num="26" count="2" type="stmt"/>
        <line num="27" count="15000" type="stmt"/>
        <line num="29" count="15000" type="cond" truecount="2" falsecount="0"/>
        <line num="30" count="2" type="stmt"/>
        <line num="31" count="2" type="stmt"/>
        <line num="32" count="2" type="cond" truecount="1" falsecount="1"/>
        <line num="33" count="14998" type="stmt"/>
        <line num="36" count="2" type="stmt"/>
        <line num="39" count="6" type="stmt"/>
      </file>
    </package>
    <package name="types">
      <metrics statements="1" coveredstatements="1" conditionals="0" coveredconditionals="0" methods="0" coveredmethods="0"/>
      <file name="index.ts" path="/Users/giwan/Sandbox/Pomodoro/basic-pom/src/types/index.ts">
        <metrics statements="1" coveredstatements="1" conditionals="0" coveredconditionals="0" methods="0" coveredmethods="0"/>
        <line num="3" count="1" type="stmt"/>
      </file>
    </package>
    <package name="utils">
      <metrics statements="17" coveredstatements="17" conditionals="4" coveredconditionals="4" methods="2" coveredmethods="2"/>
      <file name="audio.ts" path="/Users/giwan/Sandbox/Pomodoro/basic-pom/src/utils/audio.ts">
        <metrics statements="15" coveredstatements="15" conditionals="4" coveredconditionals="4" methods="1" coveredmethods="1"/>
        <line num="1" count="1" type="stmt"/>
        <line num="2" count="2" type="cond" truecount="2" falsecount="0"/>
        <line num="3" count="2" type="cond" truecount="2" falsecount="0"/>
        <line num="5" count="1" type="stmt"/>
        <line num="6" count="1" type="stmt"/>
        <line num="7" count="1" type="stmt"/>
        <line num="9" count="1" type="stmt"/>
        <line num="10" count="1" type="stmt"/>
        <line num="12" count="1" type="stmt"/>
        <line num="13" count="1" type="stmt"/>
        <line num="14" count="1" type="stmt"/>
        <line num="16" count="1" type="stmt"/>
        <line num="17" count="1" type="stmt"/>
        <line num="19" count="1" type="stmt"/>
        <line num="20" count="1" type="stmt"/>
      </file>
      <file name="formatting.ts" path="/Users/giwan/Sandbox/Pomodoro/basic-pom/src/utils/formatting.ts">
        <metrics statements="2" coveredstatements="2" conditionals="0" coveredconditionals="0" methods="1" coveredmethods="1"/>
        <line num="1" count="2" type="stmt"/>
        <line num="2" count="10" type="stmt"/>
      </file>
    </package>
  </project>
</coverage>
