{"/Users/giwan/Sandbox/Pomodoro/basic-pom/src/components/ConfigModal.tsx": {"path":"/Users/giwan/Sandbox/Pomodoro/basic-pom/src/components/ConfigModal.tsx","statementMap":{"0":{"start":{"line":134,"column":9},"end":{"line":149,"column":null}},"1":{"start":{"line":135,"column":2},"end":{"line":140,"column":null}},"2":{"start":{"line":135,"column":2},"end":{"line":135,"column":null}},"3":{"start":{"line":140,"column":31},"end":{"line":140,"column":null}},"4":{"start":{"line":121,"column":9},"end":{"line":128,"column":null}},"5":{"start":{"line":122,"column":2},"end":{"line":122,"column":null}},"6":{"start":{"line":20,"column":21},"end":{"line":23,"column":null}},"7":{"start":{"line":26,"column":24},"end":{"line":29,"column":null}},"8":{"start":{"line":27,"column":2},"end":{"line":27,"column":null}},"9":{"start":{"line":27,"column":31},"end":{"line":27,"column":null}},"10":{"start":{"line":28,"column":2},"end":{"line":28,"column":null}},"11":{"start":{"line":32,"column":2},"end":{"line":32,"column":null}},"12":{"start":{"line":36,"column":2},"end":{"line":40,"column":null}},"13":{"start":{"line":43,"column":6},"end":{"line":116,"column":null}},"14":{"start":{"line":44,"column":26},"end":{"line":46,"column":null}},"15":{"start":{"line":47,"column":38},"end":{"line":47,"column":null}},"16":{"start":{"line":49,"column":2},"end":{"line":52,"column":null}},"17":{"start":{"line":50,"column":4},"end":{"line":50,"column":null}},"18":{"start":{"line":51,"column":4},"end":{"line":51,"column":null}},"19":{"start":{"line":54,"column":24},"end":{"line":56,"column":null}},"20":{"start":{"line":55,"column":4},"end":{"line":55,"column":null}},"21":{"start":{"line":55,"column":28},"end":{"line":55,"column":null}},"22":{"start":{"line":58,"column":2},"end":{"line":60,"column":null}},"23":{"start":{"line":59,"column":4},"end":{"line":59,"column":null}},"24":{"start":{"line":62,"column":2},"end":{"line":64,"column":null}},"25":{"start":{"line":63,"column":4},"end":{"line":63,"column":null}},"26":{"start":{"line":66,"column":28},"end":{"line":69,"column":null}},"27":{"start":{"line":67,"column":4},"end":{"line":67,"column":null}},"28":{"start":{"line":67,"column":29},"end":{"line":67,"column":null}},"29":{"start":{"line":68,"column":4},"end":{"line":68,"column":null}},"30":{"start":{"line":68,"column":25},"end":{"line":68,"column":53}},"31":{"start":{"line":71,"column":23},"end":{"line":74,"column":null}},"32":{"start":{"line":72,"column":4},"end":{"line":72,"column":null}},"33":{"start":{"line":73,"column":4},"end":{"line":73,"column":null}},"34":{"start":{"line":76,"column":2},"end":{"line":104,"column":null}},"35":{"start":{"line":77,"column":11},"end":{"line":77,"column":null}},"36":{"start":{"line":77,"column":11},"end":{"line":78,"column":null}},"37":{"start":{"line":78,"column":57},"end":{"line":84,"column":53}},"38":{"start":{"line":84,"column":30},"end":{"line":84,"column":53}},"39":{"start":{"line":84,"column":53},"end":{"line":86,"column":null}},"40":{"start":{"line":86,"column":22},"end":{"line":87,"column":null}},"41":{"start":{"line":87,"column":57},"end":{"line":96,"column":null}},"42":{"start":{"line":90,"column":18},"end":{"line":94,"column":null}},"43":{"start":{"line":93,"column":25},"end":{"line":93,"column":46}},"44":{"start":{"line":94,"column":38},"end":{"line":94,"column":71}},"45":{"start":{"line":96,"column":17},"end":{"line":105,"column":null}},"46":{"start":{"line":105,"column":35},"end":{"line":105,"column":75}},"47":{"start":{"line":105,"column":75},"end":{"line":110,"column":null}},"48":{"start":{"line":110,"column":35},"end":{"line":110,"column":51}},"49":{"start":{"line":110,"column":51},"end":{"line":104,"column":null}},"50":{"start":{"line":110,"column":51},"end":{"line":104,"column":41}},"51":{"start":{"line":104,"column":41},"end":{"line":104,"column":null}},"52":{"start":{"line":132,"column":2},"end":{"line":132,"column":null}}},"fnMap":{"0":{"name":"ActionButtons2","decl":{"start":{"line":134,"column":9},"end":{"line":134,"column":22}},"loc":{"start":{"line":134,"column":50},"end":{"line":149,"column":1}},"line":134},"1":{"name":"(anonymous_1)","decl":{"start":{"line":135,"column":2},"end":{"line":135,"column":null}},"loc":{"start":{"line":135,"column":2},"end":{"line":140,"column":null}},"line":135},"2":{"name":"ModalHeader2","decl":{"start":{"line":121,"column":9},"end":{"line":121,"column":20}},"loc":{"start":{"line":121,"column":23},"end":{"line":128,"column":1}},"line":121},"3":{"name":"(anonymous_3)","decl":{"start":{"line":26,"column":24},"end":{"line":26,"column":25}},"loc":{"start":{"line":26,"column":43},"end":{"line":29,"column":null}},"line":26},"4":{"name":"isEscapeKey","decl":{"start":{"line":31,"column":9},"end":{"line":31,"column":21}},"loc":{"start":{"line":31,"column":43},"end":{"line":33,"column":null}},"line":31},"5":{"name":"getSanitizedValues","decl":{"start":{"line":35,"column":9},"end":{"line":35,"column":28}},"loc":{"start":{"line":35,"column":69},"end":{"line":41,"column":null}},"line":35},"6":{"name":"(anonymous_6)","decl":{"start":{"line":43,"column":50},"end":{"line":43,"column":60}},"loc":{"start":{"line":43,"column":60},"end":{"line":116,"column":1}},"line":43},"7":{"name":"(anonymous_7)","decl":{"start":{"line":49,"column":15},"end":{"line":49,"column":21}},"loc":{"start":{"line":49,"column":21},"end":{"line":52,"column":3}},"line":49},"8":{"name":"(anonymous_8)","decl":{"start":{"line":54,"column":24},"end":{"line":54,"column":25}},"loc":{"start":{"line":54,"column":50},"end":{"line":56,"column":null}},"line":54},"9":{"name":"(anonymous_9)","decl":{"start":{"line":58,"column":10},"end":{"line":58,"column":16}},"loc":{"start":{"line":58,"column":16},"end":{"line":60,"column":3}},"line":58},"10":{"name":"(anonymous_10)","decl":{"start":{"line":62,"column":12},"end":{"line":62,"column":18}},"loc":{"start":{"line":62,"column":18},"end":{"line":64,"column":3}},"line":62},"11":{"name":"(anonymous_11)","decl":{"start":{"line":66,"column":28},"end":{"line":66,"column":29}},"loc":{"start":{"line":66,"column":76},"end":{"line":69,"column":null}},"line":66},"12":{"name":"(anonymous_12)","decl":{"start":{"line":68,"column":15},"end":{"line":68,"column":25}},"loc":{"start":{"line":68,"column":25},"end":{"line":68,"column":53}},"line":68},"13":{"name":"(anonymous_13)","decl":{"start":{"line":71,"column":23},"end":{"line":71,"column":24}},"loc":{"start":{"line":71,"column":41},"end":{"line":74,"column":null}},"line":71},"14":{"name":"(anonymous_14)","decl":{"start":{"line":77,"column":11},"end":{"line":77,"column":null}},"loc":{"start":{"line":77,"column":11},"end":{"line":104,"column":null}},"line":77},"15":{"name":"(anonymous_15)","decl":{"start":{"line":84,"column":20},"end":{"line":84,"column":30}},"loc":{"start":{"line":84,"column":30},"end":{"line":84,"column":53}},"line":84},"16":{"name":"(anonymous_16)","decl":{"start":{"line":90,"column":18},"end":{"line":90,"column":23}},"loc":{"start":{"line":90,"column":18},"end":{"line":94,"column":null}},"line":90},"17":{"name":"(anonymous_17)","decl":{"start":{"line":93,"column":20},"end":{"line":93,"column":25}},"loc":{"start":{"line":93,"column":25},"end":{"line":93,"column":null}},"line":93},"18":{"name":"(anonymous_18)","decl":{"start":{"line":94,"column":30},"end":{"line":94,"column":38}},"loc":{"start":{"line":94,"column":38},"end":{"line":94,"column":71}},"line":94},"19":{"name":"(anonymous_19)","decl":{"start":{"line":105,"column":29},"end":{"line":105,"column":35}},"loc":{"start":{"line":105,"column":35},"end":{"line":105,"column":75}},"line":105},"20":{"name":"(anonymous_20)","decl":{"start":{"line":110,"column":27},"end":{"line":110,"column":35}},"loc":{"start":{"line":110,"column":35},"end":{"line":110,"column":null}},"line":110},"21":{"name":"(anonymous_21)","decl":{"start":{"line":110,"column":51},"end":{"line":110,"column":null}},"loc":{"start":{"line":110,"column":51},"end":{"line":104,"column":41}},"line":110}},"branchMap":{"0":{"loc":{"start":{"line":27,"column":2},"end":{"line":27,"column":null}},"type":"if","locations":[{"start":{"line":27,"column":2},"end":{"line":27,"column":null}},{"start":{},"end":{}}],"line":27},"1":{"loc":{"start":{"line":55,"column":4},"end":{"line":55,"column":null}},"type":"if","locations":[{"start":{"line":55,"column":4},"end":{"line":55,"column":null}},{"start":{},"end":{}}],"line":55},"2":{"loc":{"start":{"line":67,"column":4},"end":{"line":67,"column":null}},"type":"if","locations":[{"start":{"line":67,"column":4},"end":{"line":67,"column":null}},{"start":{},"end":{}}],"line":67},"3":{"loc":{"start":{"line":132,"column":2},"end":{"line":132,"column":null}},"type":"if","locations":[{"start":{"line":132,"column":2},"end":{"line":132,"column":null}},{"start":{},"end":{}}],"line":132}},"s":{"0":1,"1":3,"2":3,"3":3,"4":1,"5":3,"6":1,"7":1,"8":3,"9":0,"10":3,"11":0,"12":1,"13":1,"14":3,"15":3,"16":3,"17":3,"18":3,"19":3,"20":0,"21":0,"22":3,"23":3,"24":3,"25":3,"26":3,"27":0,"28":0,"29":0,"30":0,"31":3,"32":1,"33":1,"34":3,"35":3,"36":3,"37":3,"38":2,"39":3,"40":3,"41":3,"42":9,"43":18,"44":0,"45":3,"46":1,"47":3,"48":3,"49":3,"50":4,"51":3,"52":1},"f":{"0":3,"1":3,"2":3,"3":3,"4":0,"5":1,"6":3,"7":3,"8":0,"9":3,"10":3,"11":0,"12":0,"13":1,"14":3,"15":2,"16":9,"17":18,"18":0,"19":1,"20":3,"21":4},"b":{"0":[0,3],"1":[0,0],"2":[0,0],"3":[1,0]},"meta":{"lastBranch":4,"lastFunction":22,"lastStatement":53,"seen":{"s:134:9:149:Infinity":0,"f:134:9:134:22":0,"s:135:2:140:Infinity":1,"f:135:2:135:Infinity":1,"s:135:2:135:Infinity":2,"s:140:31:140:Infinity":3,"s:121:9:128:Infinity":4,"f:121:9:121:20":2,"s:122:2:122:Infinity":5,"s:20:21:23:Infinity":6,"s:26:24:29:Infinity":7,"f:26:24:26:25":3,"b:27:2:27:Infinity:undefined:undefined:undefined:undefined":0,"s:27:2:27:Infinity":8,"s:27:31:27:Infinity":9,"s:28:2:28:Infinity":10,"f:31:9:31:21":4,"s:32:2:32:Infinity":11,"f:35:9:35:28":5,"s:36:2:40:Infinity":12,"s:43:6:116:Infinity":13,"f:43:50:43:60":6,"s:44:26:46:Infinity":14,"s:47:38:47:Infinity":15,"s:49:2:52:Infinity":16,"f:49:15:49:21":7,"s:50:4:50:Infinity":17,"s:51:4:51:Infinity":18,"s:54:24:56:Infinity":19,"f:54:24:54:25":8,"b:55:4:55:Infinity:undefined:undefined:undefined:undefined":1,"s:55:4:55:Infinity":20,"s:55:28:55:Infinity":21,"s:58:2:60:Infinity":22,"f:58:10:58:16":9,"s:59:4:59:Infinity":23,"s:62:2:64:Infinity":24,"f:62:12:62:18":10,"s:63:4:63:Infinity":25,"s:66:28:69:Infinity":26,"f:66:28:66:29":11,"b:67:4:67:Infinity:undefined:undefined:undefined:undefined":2,"s:67:4:67:Infinity":27,"s:67:29:67:Infinity":28,"s:68:4:68:Infinity":29,"f:68:15:68:25":12,"s:68:25:68:53":30,"s:71:23:74:Infinity":31,"f:71:23:71:24":13,"s:72:4:72:Infinity":32,"s:73:4:73:Infinity":33,"s:76:2:104:Infinity":34,"f:77:11:77:Infinity":14,"s:77:11:77:Infinity":35,"s:77:11:78:Infinity":36,"s:78:57:84:53":37,"f:84:20:84:30":15,"s:84:30:84:53":38,"s:84:53:86:Infinity":39,"s:86:22:87:Infinity":40,"s:87:57:96:Infinity":41,"f:90:18:90:23":16,"s:90:18:94:Infinity":42,"f:93:20:93:25":17,"s:93:25:93:46":43,"f:94:30:94:38":18,"s:94:38:94:71":44,"s:96:17:105:Infinity":45,"f:105:29:105:35":19,"s:105:35:105:75":46,"s:105:75:110:Infinity":47,"f:110:27:110:35":20,"s:110:35:110:51":48,"s:110:51:104:Infinity":49,"f:110:51:110:Infinity":21,"s:110:51:104:41":50,"s:104:41:104:Infinity":51,"b:132:2:132:Infinity:undefined:undefined:undefined:undefined":3,"s:132:2:132:Infinity":52}}}
,"/Users/giwan/Sandbox/Pomodoro/basic-pom/src/components/NumberInput.tsx": {"path":"/Users/giwan/Sandbox/Pomodoro/basic-pom/src/components/NumberInput.tsx","statementMap":{"0":{"start":{"line":11,"column":6},"end":{"line":32,"column":null}},"1":{"start":{"line":12,"column":2},"end":{"line":24,"column":null}},"2":{"start":{"line":12,"column":2},"end":{"line":12,"column":null}},"3":{"start":{"line":12,"column":2},"end":{"line":15,"column":null}},"4":{"start":{"line":15,"column":9},"end":{"line":15,"column":26}},"5":{"start":{"line":15,"column":26},"end":{"line":25,"column":70}},"6":{"start":{"line":25,"column":26},"end":{"line":25,"column":70}},"7":{"start":{"line":25,"column":70},"end":{"line":19,"column":null}},"8":{"start":{"line":14,"column":43},"end":{"line":14,"column":69}},"9":{"start":{"line":19,"column":14},"end":{"line":19,"column":40}},"10":{"start":{"line":19,"column":40},"end":{"line":19,"column":null}},"11":{"start":{"line":19,"column":40},"end":{"line":24,"column":null}},"12":{"start":{"line":19,"column":40},"end":{"line":24,"column":28}},"13":{"start":{"line":24,"column":28},"end":{"line":24,"column":null}},"14":{"start":{"line":34,"column":27},"end":{"line":34,"column":null}}},"fnMap":{"0":{"name":"(anonymous_0)","decl":{"start":{"line":11,"column":50},"end":{"line":11,"column":60}},"loc":{"start":{"line":11,"column":60},"end":{"line":32,"column":1}},"line":11},"1":{"name":"(anonymous_1)","decl":{"start":{"line":12,"column":2},"end":{"line":12,"column":null}},"loc":{"start":{"line":12,"column":2},"end":{"line":24,"column":null}},"line":12},"2":{"name":"(anonymous_2)","decl":{"start":{"line":25,"column":20},"end":{"line":25,"column":26}},"loc":{"start":{"line":25,"column":26},"end":{"line":25,"column":70}},"line":25},"3":{"name":"(anonymous_3)","decl":{"start":{"line":25,"column":70},"end":{"line":25,"column":null}},"loc":{"start":{"line":25,"column":70},"end":{"line":19,"column":null}},"line":25},"4":{"name":"(anonymous_4)","decl":{"start":{"line":19,"column":40},"end":{"line":19,"column":null}},"loc":{"start":{"line":19,"column":40},"end":{"line":24,"column":28}},"line":19}},"branchMap":{"0":{"loc":{"start":{"line":19,"column":40},"end":{"line":19,"column":null}},"type":"binary-expr","locations":[{"start":{"line":19,"column":40},"end":{"line":19,"column":null}},{"start":{"line":19,"column":40},"end":{"line":19,"column":null}}],"line":19},"1":{"loc":{"start":{"line":34,"column":27},"end":{"line":34,"column":null}},"type":"if","locations":[{"start":{"line":34,"column":27},"end":{"line":34,"column":null}},{"start":{},"end":{}}],"line":34}},"s":{"0":1,"1":9,"2":9,"3":9,"4":9,"5":9,"6":0,"7":9,"8":9,"9":9,"10":9,"11":9,"12":18,"13":9,"14":1},"f":{"0":9,"1":18,"2":0,"3":9,"4":18},"b":{"0":[18,18],"1":[1,0]},"meta":{"lastBranch":2,"lastFunction":5,"lastStatement":15,"seen":{"s:11:6:32:Infinity":0,"f:11:50:11:60":0,"s:12:2:24:Infinity":1,"f:12:2:12:Infinity":1,"s:12:2:12:Infinity":2,"s:12:2:15:Infinity":3,"s:15:9:15:26":4,"s:15:26:25:70":5,"f:25:20:25:26":2,"s:25:26:25:70":6,"s:25:70:19:Infinity":7,"f:25:70:25:Infinity":3,"s:14:43:14:69":8,"s:19:14:19:40":9,"s:19:40:19:Infinity":10,"b:19:40:19:Infinity:19:40:19:Infinity":0,"s:19:40:24:Infinity":11,"f:19:40:19:Infinity":4,"s:19:40:24:28":12,"s:24:28:24:Infinity":13,"b:34:27:34:Infinity:undefined:undefined:undefined:undefined":1,"s:34:27:34:Infinity":14}}}
,"/Users/giwan/Sandbox/Pomodoro/basic-pom/src/components/ProgressBar.tsx": {"path":"/Users/giwan/Sandbox/Pomodoro/basic-pom/src/components/ProgressBar.tsx","statementMap":{"0":{"start":{"line":9,"column":6},"end":{"line":24,"column":null}},"1":{"start":{"line":10,"column":8},"end":{"line":13,"column":null}},"2":{"start":{"line":11,"column":4},"end":{"line":11,"column":null}},"3":{"start":{"line":11,"column":27},"end":{"line":11,"column":null}},"4":{"start":{"line":12,"column":4},"end":{"line":12,"column":null}},"5":{"start":{"line":15,"column":2},"end":{"line":20,"column":null}},"6":{"start":{"line":15,"column":2},"end":{"line":15,"column":null}},"7":{"start":{"line":19,"column":24},"end":{"line":19,"column":42}},"8":{"start":{"line":19,"column":42},"end":{"line":20,"column":43}},"9":{"start":{"line":20,"column":43},"end":{"line":20,"column":null}},"10":{"start":{"line":26,"column":27},"end":{"line":26,"column":null}}},"fnMap":{"0":{"name":"(anonymous_0)","decl":{"start":{"line":9,"column":50},"end":{"line":9,"column":60}},"loc":{"start":{"line":9,"column":60},"end":{"line":24,"column":1}},"line":9},"1":{"name":"(anonymous_1)","decl":{"start":{"line":10,"column":32},"end":{"line":10,"column":38}},"loc":{"start":{"line":10,"column":38},"end":{"line":13,"column":3}},"line":10},"2":{"name":"(anonymous_2)","decl":{"start":{"line":15,"column":2},"end":{"line":15,"column":null}},"loc":{"start":{"line":15,"column":2},"end":{"line":20,"column":null}},"line":15}},"branchMap":{"0":{"loc":{"start":{"line":11,"column":4},"end":{"line":11,"column":null}},"type":"if","locations":[{"start":{"line":11,"column":4},"end":{"line":11,"column":null}},{"start":{},"end":{}}],"line":11},"1":{"loc":{"start":{"line":20,"column":43},"end":{"line":20,"column":null}},"type":"binary-expr","locations":[{"start":{"line":20,"column":43},"end":{"line":20,"column":null}},{"start":{"line":20,"column":43},"end":{"line":20,"column":null}}],"line":20},"2":{"loc":{"start":{"line":26,"column":27},"end":{"line":26,"column":null}},"type":"if","locations":[{"start":{"line":26,"column":27},"end":{"line":26,"column":null}},{"start":{},"end":{}}],"line":26}},"s":{"0":1,"1":3,"2":3,"3":1,"4":2,"5":3,"6":3,"7":3,"8":3,"9":3,"10":1},"f":{"0":3,"1":3,"2":6},"b":{"0":[1,2],"1":[6,6],"2":[1,0]},"meta":{"lastBranch":3,"lastFunction":3,"lastStatement":11,"seen":{"s:9:6:24:Infinity":0,"f:9:50:9:60":0,"s:10:8:13:Infinity":1,"f:10:32:10:38":1,"b:11:4:11:Infinity:undefined:undefined:undefined:undefined":0,"s:11:4:11:Infinity":2,"s:11:27:11:Infinity":3,"s:12:4:12:Infinity":4,"s:15:2:20:Infinity":5,"f:15:2:15:Infinity":2,"s:15:2:15:Infinity":6,"s:19:24:19:42":7,"s:19:42:20:43":8,"s:20:43:20:Infinity":9,"b:20:43:20:Infinity:20:43:20:Infinity":1,"b:26:27:26:Infinity:undefined:undefined:undefined:undefined":2,"s:26:27:26:Infinity":10}}}
,"/Users/giwan/Sandbox/Pomodoro/basic-pom/src/components/TileButton.tsx": {"path":"/Users/giwan/Sandbox/Pomodoro/basic-pom/src/components/TileButton.tsx","statementMap":{"0":{"start":{"line":12,"column":6},"end":{"line":24,"column":null}},"1":{"start":{"line":13,"column":2},"end":{"line":18,"column":null}},"2":{"start":{"line":13,"column":2},"end":{"line":13,"column":null}},"3":{"start":{"line":13,"column":2},"end":{"line":16,"column":null}},"4":{"start":{"line":16,"column":28},"end":{"line":20,"column":null}},"5":{"start":{"line":20,"column":30},"end":{"line":20,"column":40}},"6":{"start":{"line":20,"column":40},"end":{"line":21,"column":null}},"7":{"start":{"line":21,"column":32},"end":{"line":21,"column":43}},"8":{"start":{"line":21,"column":43},"end":{"line":18,"column":null}},"9":{"start":{"line":15,"column":13},"end":{"line":15,"column":58}},"10":{"start":{"line":17,"column":18},"end":{"line":17,"column":29}},"11":{"start":{"line":18,"column":13},"end":{"line":18,"column":24}},"12":{"start":{"line":18,"column":24},"end":{"line":18,"column":null}},"13":{"start":{"line":26,"column":26},"end":{"line":26,"column":null}}},"fnMap":{"0":{"name":"(anonymous_0)","decl":{"start":{"line":12,"column":48},"end":{"line":12,"column":58}},"loc":{"start":{"line":12,"column":58},"end":{"line":24,"column":1}},"line":12},"1":{"name":"(anonymous_1)","decl":{"start":{"line":13,"column":2},"end":{"line":13,"column":null}},"loc":{"start":{"line":13,"column":2},"end":{"line":18,"column":null}},"line":13},"2":{"name":"(anonymous_2)","decl":{"start":{"line":16,"column":28},"end":{"line":16,"column":null}},"loc":{"start":{"line":20,"column":30},"end":{"line":20,"column":40}},"line":20},"3":{"name":"(anonymous_3)","decl":{"start":{"line":20,"column":40},"end":{"line":20,"column":null}},"loc":{"start":{"line":21,"column":32},"end":{"line":21,"column":43}},"line":21},"4":{"name":"(anonymous_4)","decl":{"start":{"line":21,"column":43},"end":{"line":21,"column":null}},"loc":{"start":{"line":21,"column":43},"end":{"line":18,"column":null}},"line":21}},"branchMap":{"0":{"loc":{"start":{"line":15,"column":28},"end":{"line":15,"column":56}},"type":"cond-expr","locations":[{"start":{"line":15,"column":43},"end":{"line":15,"column":54}},{"start":{"line":15,"column":54},"end":{"line":15,"column":56}}],"line":15},"1":{"loc":{"start":{"line":18,"column":24},"end":{"line":18,"column":null}},"type":"binary-expr","locations":[{"start":{"line":18,"column":24},"end":{"line":18,"column":null}},{"start":{"line":18,"column":24},"end":{"line":18,"column":null}}],"line":18},"2":{"loc":{"start":{"line":26,"column":26},"end":{"line":26,"column":null}},"type":"if","locations":[{"start":{"line":26,"column":26},"end":{"line":26,"column":null}},{"start":{},"end":{}}],"line":26}},"s":{"0":1,"1":3,"2":3,"3":3,"4":3,"5":3,"6":3,"7":3,"8":3,"9":3,"10":3,"11":3,"12":3,"13":1},"f":{"0":3,"1":3,"2":3,"3":3,"4":3},"b":{"0":[1,2],"1":[9,9],"2":[1,0]},"meta":{"lastBranch":3,"lastFunction":5,"lastStatement":14,"seen":{"s:12:6:24:Infinity":0,"f:12:48:12:58":0,"s:13:2:18:Infinity":1,"f:13:2:13:Infinity":1,"s:13:2:13:Infinity":2,"s:13:2:16:Infinity":3,"s:16:28:20:Infinity":4,"f:16:28:16:Infinity":2,"s:20:30:20:40":5,"s:20:40:21:Infinity":6,"f:20:40:20:Infinity":3,"s:21:32:21:43":7,"s:21:43:18:Infinity":8,"f:21:43:21:Infinity":4,"s:15:13:15:58":9,"b:15:43:15:54:15:54:15:56":0,"s:17:18:17:29":10,"s:18:13:18:24":11,"s:18:24:18:Infinity":12,"b:18:24:18:Infinity:18:24:18:Infinity":1,"b:26:26:26:Infinity:undefined:undefined:undefined:undefined":2,"s:26:26:26:Infinity":13}}}
,"/Users/giwan/Sandbox/Pomodoro/basic-pom/src/components/TimerDisplay.tsx": {"path":"/Users/giwan/Sandbox/Pomodoro/basic-pom/src/components/TimerDisplay.tsx","statementMap":{"0":{"start":{"line":9,"column":6},"end":{"line":17,"column":null}},"1":{"start":{"line":10,"column":2},"end":{"line":14,"column":null}},"2":{"start":{"line":10,"column":2},"end":{"line":10,"column":null}},"3":{"start":{"line":10,"column":2},"end":{"line":12,"column":null}},"4":{"start":{"line":10,"column":2},"end":{"line":12,"column":65}},"5":{"start":{"line":12,"column":65},"end":{"line":14,"column":null}},"6":{"start":{"line":12,"column":65},"end":{"line":14,"column":65}},"7":{"start":{"line":14,"column":65},"end":{"line":14,"column":null}},"8":{"start":{"line":19,"column":28},"end":{"line":19,"column":null}}},"fnMap":{"0":{"name":"(anonymous_0)","decl":{"start":{"line":9,"column":52},"end":{"line":9,"column":62}},"loc":{"start":{"line":9,"column":62},"end":{"line":17,"column":1}},"line":9},"1":{"name":"(anonymous_1)","decl":{"start":{"line":10,"column":2},"end":{"line":10,"column":null}},"loc":{"start":{"line":10,"column":2},"end":{"line":14,"column":null}},"line":10},"2":{"name":"(anonymous_2)","decl":{"start":{"line":12,"column":65},"end":{"line":12,"column":null}},"loc":{"start":{"line":12,"column":65},"end":{"line":14,"column":65}},"line":12}},"branchMap":{"0":{"loc":{"start":{"line":19,"column":28},"end":{"line":19,"column":null}},"type":"if","locations":[{"start":{"line":19,"column":28},"end":{"line":19,"column":null}},{"start":{},"end":{}}],"line":19}},"s":{"0":1,"1":2,"2":2,"3":2,"4":2,"5":2,"6":2,"7":2,"8":1},"f":{"0":2,"1":4,"2":2},"b":{"0":[1,0]},"meta":{"lastBranch":1,"lastFunction":3,"lastStatement":9,"seen":{"s:9:6:17:Infinity":0,"f:9:52:9:62":0,"s:10:2:14:Infinity":1,"f:10:2:10:Infinity":1,"s:10:2:10:Infinity":2,"s:10:2:12:Infinity":3,"s:10:2:12:65":4,"s:12:65:14:Infinity":5,"f:12:65:12:Infinity":2,"s:12:65:14:65":6,"s:14:65:14:Infinity":7,"b:19:28:19:Infinity:undefined:undefined:undefined:undefined":0,"s:19:28:19:Infinity":8}}}
,"/Users/giwan/Sandbox/Pomodoro/basic-pom/src/hooks/usePomodoro.ts": {"path":"/Users/giwan/Sandbox/Pomodoro/basic-pom/src/hooks/usePomodoro.ts","statementMap":{"0":{"start":{"line":23,"column":41},"end":{"line":27,"column":null}},"1":{"start":{"line":29,"column":18},"end":{"line":37,"column":null}},"2":{"start":{"line":31,"column":10},"end":{"line":34,"column":null}},"3":{"start":{"line":32,"column":8},"end":{"line":32,"column":null}},"4":{"start":{"line":33,"column":8},"end":{"line":33,"column":null}},"5":{"start":{"line":36,"column":4},"end":{"line":36,"column":null}},"6":{"start":{"line":39,"column":26},"end":{"line":39,"column":null}},"7":{"start":{"line":40,"column":20},"end":{"line":40,"column":null}},"8":{"start":{"line":41,"column":26},"end":{"line":41,"column":null}},"9":{"start":{"line":51,"column":30},"end":{"line":68,"column":null}},"10":{"start":{"line":55,"column":4},"end":{"line":57,"column":null}},"11":{"start":{"line":56,"column":8},"end":{"line":56,"column":null}},"12":{"start":{"line":59,"column":4},"end":{"line":65,"column":null}},"13":{"start":{"line":60,"column":26},"end":{"line":60,"column":null}},"14":{"start":{"line":61,"column":8},"end":{"line":63,"column":null}},"15":{"start":{"line":62,"column":12},"end":{"line":62,"column":null}},"16":{"start":{"line":64,"column":8},"end":{"line":64,"column":null}},"17":{"start":{"line":67,"column":4},"end":{"line":67,"column":null}},"18":{"start":{"line":70,"column":25},"end":{"line":77,"column":null}},"19":{"start":{"line":71,"column":4},"end":{"line":71,"column":null}},"20":{"start":{"line":71,"column":78},"end":{"line":71,"column":null}},"21":{"start":{"line":73,"column":4},"end":{"line":76,"column":null}},"22":{"start":{"line":79,"column":18},"end":{"line":83,"column":null}},"23":{"start":{"line":79,"column":60},"end":{"line":83,"column":null}},"24":{"start":{"line":86,"column":10},"end":{"line":86,"column":null}},"25":{"start":{"line":87,"column":24},"end":{"line":87,"column":null}},"26":{"start":{"line":88,"column":10},"end":{"line":88,"column":null}},"27":{"start":{"line":89,"column":10},"end":{"line":89,"column":null}},"28":{"start":{"line":91,"column":36},"end":{"line":91,"column":null}},"29":{"start":{"line":92,"column":34},"end":{"line":92,"column":null}},"30":{"start":{"line":93,"column":44},"end":{"line":93,"column":null}},"31":{"start":{"line":95,"column":26},"end":{"line":101,"column":null}},"32":{"start":{"line":96,"column":8},"end":{"line":98,"column":null}},"33":{"start":{"line":97,"column":12},"end":{"line":97,"column":null}},"34":{"start":{"line":99,"column":8},"end":{"line":99,"column":null}},"35":{"start":{"line":100,"column":8},"end":{"line":100,"column":null}},"36":{"start":{"line":103,"column":45},"end":{"line":106,"column":null}},"37":{"start":{"line":108,"column":38},"end":{"line":110,"column":null}},"38":{"start":{"line":112,"column":4},"end":{"line":114,"column":null}},"39":{"start":{"line":113,"column":8},"end":{"line":113,"column":null}},"40":{"start":{"line":115,"column":40},"end":{"line":115,"column":null}},"41":{"start":{"line":117,"column":4},"end":{"line":117,"column":null}},"42":{"start":{"line":117,"column":20},"end":{"line":117,"column":43}},"43":{"start":{"line":119,"column":17},"end":{"line":119,"column":null}},"44":{"start":{"line":119,"column":23},"end":{"line":119,"column":null}},"45":{"start":{"line":120,"column":10},"end":{"line":120,"column":null}},"46":{"start":{"line":120,"column":37},"end":{"line":120,"column":60}},"47":{"start":{"line":121,"column":10},"end":{"line":121,"column":null}},"48":{"start":{"line":121,"column":37},"end":{"line":121,"column":48}},"49":{"start":{"line":122,"column":22},"end":{"line":122,"column":null}},"50":{"start":{"line":122,"column":28},"end":{"line":122,"column":null}},"51":{"start":{"line":124,"column":10},"end":{"line":128,"column":null}},"52":{"start":{"line":126,"column":12},"end":{"line":127,"column":null}},"53":{"start":{"line":126,"column":44},"end":{"line":126,"column":68}},"54":{"start":{"line":130,"column":10},"end":{"line":130,"column":null}},"55":{"start":{"line":130,"column":44},"end":{"line":130,"column":79}},"56":{"start":{"line":131,"column":10},"end":{"line":131,"column":null}},"57":{"start":{"line":131,"column":41},"end":{"line":131,"column":74}},"58":{"start":{"line":133,"column":10},"end":{"line":137,"column":null}},"59":{"start":{"line":133,"column":49},"end":{"line":137,"column":6}},"60":{"start":{"line":139,"column":22},"end":{"line":148,"column":null}},"61":{"start":{"line":140,"column":37},"end":{"line":146,"column":null}},"62":{"start":{"line":147,"column":8},"end":{"line":147,"column":null}},"63":{"start":{"line":150,"column":25},"end":{"line":165,"column":null}},"64":{"start":{"line":151,"column":25},"end":{"line":151,"column":null}},"65":{"start":{"line":152,"column":8},"end":{"line":152,"column":null}},"66":{"start":{"line":153,"column":8},"end":{"line":153,"column":null}},"67":{"start":{"line":155,"column":21},"end":{"line":155,"column":null}},"68":{"start":{"line":156,"column":8},"end":{"line":156,"column":null}},"69":{"start":{"line":158,"column":8},"end":{"line":162,"column":null}},"70":{"start":{"line":159,"column":12},"end":{"line":159,"column":null}},"71":{"start":{"line":159,"column":33},"end":{"line":159,"column":45}},"72":{"start":{"line":160,"column":12},"end":{"line":160,"column":null}},"73":{"start":{"line":161,"column":12},"end":{"line":161,"column":null}},"74":{"start":{"line":164,"column":8},"end":{"line":164,"column":null}},"75":{"start":{"line":167,"column":20},"end":{"line":170,"column":null}},"76":{"start":{"line":168,"column":8},"end":{"line":168,"column":null}},"77":{"start":{"line":169,"column":8},"end":{"line":169,"column":null}},"78":{"start":{"line":172,"column":42},"end":{"line":175,"column":null}},"79":{"start":{"line":173,"column":8},"end":{"line":173,"column":null}},"80":{"start":{"line":173,"column":82},"end":{"line":173,"column":null}},"81":{"start":{"line":174,"column":8},"end":{"line":174,"column":null}},"82":{"start":{"line":177,"column":24},"end":{"line":193,"column":null}},"83":{"start":{"line":178,"column":8},"end":{"line":178,"column":null}},"84":{"start":{"line":180,"column":8},"end":{"line":183,"column":null}},"85":{"start":{"line":181,"column":12},"end":{"line":181,"column":null}},"86":{"start":{"line":182,"column":12},"end":{"line":182,"column":null}},"87":{"start":{"line":185,"column":8},"end":{"line":189,"column":null}},"88":{"start":{"line":186,"column":12},"end":{"line":186,"column":null}},"89":{"start":{"line":187,"column":12},"end":{"line":187,"column":null}},"90":{"start":{"line":188,"column":12},"end":{"line":188,"column":null}},"91":{"start":{"line":191,"column":8},"end":{"line":191,"column":null}},"92":{"start":{"line":192,"column":8},"end":{"line":192,"column":null}},"93":{"start":{"line":195,"column":23},"end":{"line":198,"column":null}},"94":{"start":{"line":196,"column":8},"end":{"line":196,"column":null}},"95":{"start":{"line":197,"column":8},"end":{"line":197,"column":null}},"96":{"start":{"line":200,"column":23},"end":{"line":209,"column":null}},"97":{"start":{"line":201,"column":30},"end":{"line":201,"column":null}},"98":{"start":{"line":202,"column":8},"end":{"line":202,"column":null}},"99":{"start":{"line":203,"column":8},"end":{"line":203,"column":null}},"100":{"start":{"line":205,"column":8},"end":{"line":205,"column":null}},"101":{"start":{"line":206,"column":8},"end":{"line":206,"column":null}},"102":{"start":{"line":207,"column":8},"end":{"line":207,"column":null}},"103":{"start":{"line":208,"column":8},"end":{"line":208,"column":null}},"104":{"start":{"line":211,"column":24},"end":{"line":211,"column":null}},"105":{"start":{"line":211,"column":30},"end":{"line":211,"column":null}},"106":{"start":{"line":213,"column":23},"end":{"line":216,"column":null}},"107":{"start":{"line":214,"column":8},"end":{"line":214,"column":null}},"108":{"start":{"line":215,"column":8},"end":{"line":215,"column":null}},"109":{"start":{"line":218,"column":4},"end":{"line":237,"column":null}}},"fnMap":{"0":{"name":"(anonymous_0)","decl":{"start":{"line":29,"column":18},"end":{"line":29,"column":19}},"loc":{"start":{"line":29,"column":82},"end":{"line":37,"column":null}},"line":29},"1":{"name":"(anonymous_1)","decl":{"start":{"line":31,"column":29},"end":{"line":31,"column":30}},"loc":{"start":{"line":31,"column":44},"end":{"line":34,"column":5}},"line":31},"2":{"name":"(anonymous_2)","decl":{"start":{"line":51,"column":30},"end":{"line":51,"column":null}},"loc":{"start":{"line":54,"column":56},"end":{"line":68,"column":null}},"line":54},"3":{"name":"(anonymous_3)","decl":{"start":{"line":70,"column":25},"end":{"line":70,"column":26}},"loc":{"start":{"line":70,"column":41},"end":{"line":77,"column":null}},"line":70},"4":{"name":"(anonymous_4)","decl":{"start":{"line":79,"column":18},"end":{"line":79,"column":19}},"loc":{"start":{"line":79,"column":60},"end":{"line":83,"column":null}},"line":79},"5":{"name":"usePomodoro","decl":{"start":{"line":85,"column":24},"end":{"line":85,"column":38}},"loc":{"start":{"line":85,"column":38},"end":{"line":238,"column":null}},"line":85},"6":{"name":"(anonymous_6)","decl":{"start":{"line":95,"column":26},"end":{"line":95,"column":32}},"loc":{"start":{"line":95,"column":32},"end":{"line":101,"column":null}},"line":95},"7":{"name":"(anonymous_7)","decl":{"start":{"line":117,"column":14},"end":{"line":117,"column":20}},"loc":{"start":{"line":117,"column":20},"end":{"line":117,"column":43}},"line":117},"8":{"name":"(anonymous_8)","decl":{"start":{"line":119,"column":17},"end":{"line":119,"column":23}},"loc":{"start":{"line":119,"column":23},"end":{"line":119,"column":null}},"line":119},"9":{"name":"(anonymous_9)","decl":{"start":{"line":120,"column":31},"end":{"line":120,"column":37}},"loc":{"start":{"line":120,"column":37},"end":{"line":120,"column":60}},"line":120},"10":{"name":"(anonymous_10)","decl":{"start":{"line":121,"column":31},"end":{"line":121,"column":37}},"loc":{"start":{"line":121,"column":37},"end":{"line":121,"column":48}},"line":121},"11":{"name":"(anonymous_11)","decl":{"start":{"line":122,"column":22},"end":{"line":122,"column":28}},"loc":{"start":{"line":122,"column":28},"end":{"line":122,"column":null}},"line":122},"12":{"name":"(anonymous_12)","decl":{"start":{"line":125,"column":8},"end":{"line":125,"column":null}},"loc":{"start":{"line":126,"column":12},"end":{"line":127,"column":null}},"line":126},"13":{"name":"(anonymous_13)","decl":{"start":{"line":126,"column":34},"end":{"line":126,"column":35}},"loc":{"start":{"line":126,"column":44},"end":{"line":126,"column":68}},"line":126},"14":{"name":"(anonymous_14)","decl":{"start":{"line":130,"column":37},"end":{"line":130,"column":44}},"loc":{"start":{"line":130,"column":44},"end":{"line":130,"column":79}},"line":130},"15":{"name":"(anonymous_15)","decl":{"start":{"line":131,"column":34},"end":{"line":131,"column":41}},"loc":{"start":{"line":131,"column":41},"end":{"line":131,"column":74}},"line":131},"16":{"name":"(anonymous_16)","decl":{"start":{"line":133,"column":42},"end":{"line":133,"column":49}},"loc":{"start":{"line":133,"column":49},"end":{"line":137,"column":6}},"line":133},"17":{"name":"(anonymous_17)","decl":{"start":{"line":139,"column":22},"end":{"line":139,"column":23}},"loc":{"start":{"line":139,"column":63},"end":{"line":148,"column":null}},"line":139},"18":{"name":"(anonymous_18)","decl":{"start":{"line":150,"column":25},"end":{"line":150,"column":26}},"loc":{"start":{"line":150,"column":65},"end":{"line":165,"column":null}},"line":150},"19":{"name":"(anonymous_19)","decl":{"start":{"line":159,"column":27},"end":{"line":159,"column":33}},"loc":{"start":{"line":159,"column":33},"end":{"line":159,"column":45}},"line":159},"20":{"name":"(anonymous_20)","decl":{"start":{"line":167,"column":20},"end":{"line":167,"column":21}},"loc":{"start":{"line":167,"column":36},"end":{"line":170,"column":null}},"line":167},"21":{"name":"(anonymous_21)","decl":{"start":{"line":172,"column":42},"end":{"line":172,"column":48}},"loc":{"start":{"line":172,"column":48},"end":{"line":175,"column":null}},"line":172},"22":{"name":"(anonymous_22)","decl":{"start":{"line":177,"column":24},"end":{"line":177,"column":30}},"loc":{"start":{"line":177,"column":30},"end":{"line":193,"column":null}},"line":177},"23":{"name":"(anonymous_23)","decl":{"start":{"line":195,"column":23},"end":{"line":195,"column":29}},"loc":{"start":{"line":195,"column":29},"end":{"line":198,"column":null}},"line":195},"24":{"name":"(anonymous_24)","decl":{"start":{"line":200,"column":23},"end":{"line":200,"column":24}},"loc":{"start":{"line":200,"column":75},"end":{"line":209,"column":null}},"line":200},"25":{"name":"(anonymous_25)","decl":{"start":{"line":211,"column":24},"end":{"line":211,"column":30}},"loc":{"start":{"line":211,"column":30},"end":{"line":211,"column":null}},"line":211},"26":{"name":"(anonymous_26)","decl":{"start":{"line":213,"column":23},"end":{"line":213,"column":29}},"loc":{"start":{"line":213,"column":29},"end":{"line":216,"column":null}},"line":213}},"branchMap":{"0":{"loc":{"start":{"line":55,"column":4},"end":{"line":57,"column":null}},"type":"if","locations":[{"start":{"line":55,"column":4},"end":{"line":57,"column":null}},{"start":{},"end":{}}],"line":55},"1":{"loc":{"start":{"line":59,"column":4},"end":{"line":65,"column":null}},"type":"if","locations":[{"start":{"line":59,"column":4},"end":{"line":65,"column":null}},{"start":{},"end":{}}],"line":59},"2":{"loc":{"start":{"line":59,"column":8},"end":{"line":59,"column":58}},"type":"binary-expr","locations":[{"start":{"line":59,"column":8},"end":{"line":59,"column":32}},{"start":{"line":59,"column":32},"end":{"line":59,"column":58}}],"line":59},"3":{"loc":{"start":{"line":61,"column":8},"end":{"line":63,"column":null}},"type":"if","locations":[{"start":{"line":61,"column":8},"end":{"line":63,"column":null}},{"start":{},"end":{}}],"line":61},"4":{"loc":{"start":{"line":71,"column":4},"end":{"line":71,"column":null}},"type":"if","locations":[{"start":{"line":71,"column":4},"end":{"line":71,"column":null}},{"start":{},"end":{}}],"line":71},"5":{"loc":{"start":{"line":71,"column":8},"end":{"line":71,"column":78}},"type":"binary-expr","locations":[{"start":{"line":71,"column":8},"end":{"line":71,"column":39}},{"start":{"line":71,"column":39},"end":{"line":71,"column":78}}],"line":71},"6":{"loc":{"start":{"line":74,"column":17},"end":{"line":74,"column":51}},"type":"cond-expr","locations":[{"start":{"line":74,"column":35},"end":{"line":74,"column":44}},{"start":{"line":74,"column":44},"end":{"line":74,"column":51}}],"line":74},"7":{"loc":{"start":{"line":87,"column":24},"end":{"line":87,"column":null}},"type":"binary-expr","locations":[{"start":{"line":87,"column":24},"end":{"line":87,"column":44}},{"start":{"line":87,"column":44},"end":{"line":87,"column":null}}],"line":87},"8":{"loc":{"start":{"line":88,"column":10},"end":{"line":88,"column":null}},"type":"binary-expr","locations":[{"start":{"line":88,"column":10},"end":{"line":88,"column":75}},{"start":{"line":88,"column":75},"end":{"line":88,"column":null}}],"line":88},"9":{"loc":{"start":{"line":89,"column":10},"end":{"line":89,"column":null}},"type":"binary-expr","locations":[{"start":{"line":89,"column":10},"end":{"line":89,"column":78}},{"start":{"line":89,"column":78},"end":{"line":89,"column":null}}],"line":89},"10":{"loc":{"start":{"line":96,"column":8},"end":{"line":98,"column":null}},"type":"if","locations":[{"start":{"line":96,"column":8},"end":{"line":98,"column":null}},{"start":{},"end":{}}],"line":96},"11":{"loc":{"start":{"line":112,"column":4},"end":{"line":114,"column":null}},"type":"if","locations":[{"start":{"line":112,"column":4},"end":{"line":114,"column":null}},{"start":{},"end":{}}],"line":112},"12":{"loc":{"start":{"line":126,"column":12},"end":{"line":127,"column":null}},"type":"binary-expr","locations":[{"start":{"line":126,"column":12},"end":{"line":126,"column":null}},{"start":{"line":127,"column":12},"end":{"line":127,"column":null}}],"line":126},"13":{"loc":{"start":{"line":130,"column":44},"end":{"line":130,"column":79}},"type":"cond-expr","locations":[{"start":{"line":130,"column":58},"end":{"line":130,"column":70}},{"start":{"line":130,"column":70},"end":{"line":130,"column":79}}],"line":130},"14":{"loc":{"start":{"line":131,"column":41},"end":{"line":131,"column":74}},"type":"cond-expr","locations":[{"start":{"line":131,"column":55},"end":{"line":131,"column":65}},{"start":{"line":131,"column":65},"end":{"line":131,"column":74}}],"line":131},"15":{"loc":{"start":{"line":143,"column":27},"end":{"line":143,"column":null}},"type":"cond-expr","locations":[{"start":{"line":143,"column":37},"end":{"line":143,"column":69}},{"start":{"line":143,"column":69},"end":{"line":143,"column":null}}],"line":143},"16":{"loc":{"start":{"line":150,"column":43},"end":{"line":150,"column":65}},"type":"default-arg","locations":[{"start":{"line":150,"column":55},"end":{"line":150,"column":65}}],"line":150},"17":{"loc":{"start":{"line":158,"column":8},"end":{"line":162,"column":null}},"type":"if","locations":[{"start":{"line":158,"column":8},"end":{"line":162,"column":null}},{"start":{},"end":{}}],"line":158},"18":{"loc":{"start":{"line":158,"column":12},"end":{"line":158,"column":38}},"type":"binary-expr","locations":[{"start":{"line":158,"column":12},"end":{"line":158,"column":25}},{"start":{"line":158,"column":25},"end":{"line":158,"column":38}}],"line":158},"19":{"loc":{"start":{"line":173,"column":8},"end":{"line":173,"column":null}},"type":"if","locations":[{"start":{"line":173,"column":8},"end":{"line":173,"column":null}},{"start":{},"end":{}}],"line":173},"20":{"loc":{"start":{"line":173,"column":12},"end":{"line":173,"column":82}},"type":"binary-expr","locations":[{"start":{"line":173,"column":12},"end":{"line":173,"column":43}},{"start":{"line":173,"column":43},"end":{"line":173,"column":82}}],"line":173},"21":{"loc":{"start":{"line":180,"column":8},"end":{"line":183,"column":null}},"type":"if","locations":[{"start":{"line":180,"column":8},"end":{"line":183,"column":null}},{"start":{},"end":{}}],"line":180},"22":{"loc":{"start":{"line":185,"column":8},"end":{"line":189,"column":null}},"type":"if","locations":[{"start":{"line":185,"column":8},"end":{"line":189,"column":null}},{"start":{},"end":{}}],"line":185}},"s":{"0":1,"1":1,"2":6,"3":6,"4":6,"5":6,"6":1,"7":1,"8":1,"9":1,"10":5,"11":5,"12":0,"13":0,"14":0,"15":0,"16":0,"17":0,"18":1,"19":2,"20":0,"21":2,"22":1,"23":1,"24":5,"25":5,"26":5,"27":5,"28":5,"29":5,"30":5,"31":5,"32":2,"33":1,"34":2,"35":2,"36":5,"37":5,"38":5,"39":0,"40":5,"41":5,"42":5,"43":5,"44":6016,"45":5,"46":3006,"47":5,"48":3006,"49":5,"50":23,"51":5,"52":5,"53":5,"54":5,"55":10,"56":5,"57":10,"58":5,"59":6,"60":5,"61":3,"62":3,"63":5,"64":1,"65":1,"66":1,"67":1,"68":1,"69":1,"70":0,"71":0,"72":0,"73":0,"74":1,"75":5,"76":0,"77":0,"78":5,"79":2,"80":2,"81":0,"82":5,"83":2,"84":2,"85":0,"86":0,"87":2,"88":0,"89":0,"90":0,"91":2,"92":2,"93":5,"94":0,"95":0,"96":5,"97":1,"98":1,"99":1,"100":1,"101":1,"102":1,"103":1,"104":5,"105":0,"106":5,"107":0,"108":0,"109":5},"f":{"0":6,"1":6,"2":5,"3":2,"4":1,"5":5,"6":2,"7":5,"8":6016,"9":3006,"10":3006,"11":23,"12":5,"13":5,"14":10,"15":10,"16":6,"17":3,"18":1,"19":0,"20":0,"21":2,"22":2,"23":0,"24":1,"25":0,"26":0},"b":{"0":[5,0],"1":[0,0],"2":[0,0],"3":[0,0],"4":[0,2],"5":[2,2],"6":[2,0],"7":[5,5],"8":[5,5],"9":[5,3],"10":[1,1],"11":[0,5],"12":[5,0],"13":[2,8],"14":[2,8],"15":[2,1],"16":[1],"17":[0,1],"18":[1,0],"19":[2,0],"20":[2,2],"21":[0,2],"22":[0,2]},"meta":{"lastBranch":23,"lastFunction":27,"lastStatement":110,"seen":{"s:23:41:27:Infinity":0,"s:29:18:37:Infinity":1,"f:29:18:29:19":0,"s:31:10:34:Infinity":2,"f:31:29:31:30":1,"s:32:8:32:Infinity":3,"s:33:8:33:Infinity":4,"s:36:4:36:Infinity":5,"s:39:26:39:Infinity":6,"s:40:20:40:Infinity":7,"s:41:26:41:Infinity":8,"s:51:30:68:Infinity":9,"f:51:30:51:Infinity":2,"b:55:4:57:Infinity:undefined:undefined:undefined:undefined":0,"s:55:4:57:Infinity":10,"s:56:8:56:Infinity":11,"b:59:4:65:Infinity:undefined:undefined:undefined:undefined":1,"s:59:4:65:Infinity":12,"b:59:8:59:32:59:32:59:58":2,"s:60:26:60:Infinity":13,"b:61:8:63:Infinity:undefined:undefined:undefined:undefined":3,"s:61:8:63:Infinity":14,"s:62:12:62:Infinity":15,"s:64:8:64:Infinity":16,"s:67:4:67:Infinity":17,"s:70:25:77:Infinity":18,"f:70:25:70:26":3,"b:71:4:71:Infinity:undefined:undefined:undefined:undefined":4,"s:71:4:71:Infinity":19,"b:71:8:71:39:71:39:71:78":5,"s:71:78:71:Infinity":20,"s:73:4:76:Infinity":21,"b:74:35:74:44:74:44:74:51":6,"s:79:18:83:Infinity":22,"f:79:18:79:19":4,"s:79:60:83:Infinity":23,"f:85:24:85:38":5,"s:86:10:86:Infinity":24,"s:87:24:87:Infinity":25,"b:87:24:87:44:87:44:87:Infinity":7,"s:88:10:88:Infinity":26,"b:88:10:88:75:88:75:88:Infinity":8,"s:89:10:89:Infinity":27,"b:89:10:89:78:89:78:89:Infinity":9,"s:91:36:91:Infinity":28,"s:92:34:92:Infinity":29,"s:93:44:93:Infinity":30,"s:95:26:101:Infinity":31,"f:95:26:95:32":6,"b:96:8:98:Infinity:undefined:undefined:undefined:undefined":10,"s:96:8:98:Infinity":32,"s:97:12:97:Infinity":33,"s:99:8:99:Infinity":34,"s:100:8:100:Infinity":35,"s:103:45:106:Infinity":36,"s:108:38:110:Infinity":37,"b:112:4:114:Infinity:undefined:undefined:undefined:undefined":11,"s:112:4:114:Infinity":38,"s:113:8:113:Infinity":39,"s:115:40:115:Infinity":40,"s:117:4:117:Infinity":41,"f:117:14:117:20":7,"s:117:20:117:43":42,"s:119:17:119:Infinity":43,"f:119:17:119:23":8,"s:119:23:119:Infinity":44,"s:120:10:120:Infinity":45,"f:120:31:120:37":9,"s:120:37:120:60":46,"s:121:10:121:Infinity":47,"f:121:31:121:37":10,"s:121:37:121:48":48,"s:122:22:122:Infinity":49,"f:122:22:122:28":11,"s:122:28:122:Infinity":50,"s:124:10:128:Infinity":51,"f:125:8:125:Infinity":12,"s:126:12:127:Infinity":52,"b:126:12:126:Infinity:127:12:127:Infinity":12,"f:126:34:126:35":13,"s:126:44:126:68":53,"s:130:10:130:Infinity":54,"f:130:37:130:44":14,"s:130:44:130:79":55,"b:130:58:130:70:130:70:130:79":13,"s:131:10:131:Infinity":56,"f:131:34:131:41":15,"s:131:41:131:74":57,"b:131:55:131:65:131:65:131:74":14,"s:133:10:137:Infinity":58,"f:133:42:133:49":16,"s:133:49:137:6":59,"s:139:22:148:Infinity":60,"f:139:22:139:23":17,"s:140:37:146:Infinity":61,"b:143:37:143:69:143:69:143:Infinity":15,"s:147:8:147:Infinity":62,"s:150:25:165:Infinity":63,"f:150:25:150:26":18,"b:150:55:150:65":16,"s:151:25:151:Infinity":64,"s:152:8:152:Infinity":65,"s:153:8:153:Infinity":66,"s:155:21:155:Infinity":67,"s:156:8:156:Infinity":68,"b:158:8:162:Infinity:undefined:undefined:undefined:undefined":17,"s:158:8:162:Infinity":69,"b:158:12:158:25:158:25:158:38":18,"s:159:12:159:Infinity":70,"f:159:27:159:33":19,"s:159:33:159:45":71,"s:160:12:160:Infinity":72,"s:161:12:161:Infinity":73,"s:164:8:164:Infinity":74,"s:167:20:170:Infinity":75,"f:167:20:167:21":20,"s:168:8:168:Infinity":76,"s:169:8:169:Infinity":77,"s:172:42:175:Infinity":78,"f:172:42:172:48":21,"b:173:8:173:Infinity:undefined:undefined:undefined:undefined":19,"s:173:8:173:Infinity":79,"b:173:12:173:43:173:43:173:82":20,"s:173:82:173:Infinity":80,"s:174:8:174:Infinity":81,"s:177:24:193:Infinity":82,"f:177:24:177:30":22,"s:178:8:178:Infinity":83,"b:180:8:183:Infinity:undefined:undefined:undefined:undefined":21,"s:180:8:183:Infinity":84,"s:181:12:181:Infinity":85,"s:182:12:182:Infinity":86,"b:185:8:189:Infinity:undefined:undefined:undefined:undefined":22,"s:185:8:189:Infinity":87,"s:186:12:186:Infinity":88,"s:187:12:187:Infinity":89,"s:188:12:188:Infinity":90,"s:191:8:191:Infinity":91,"s:192:8:192:Infinity":92,"s:195:23:198:Infinity":93,"f:195:23:195:29":23,"s:196:8:196:Infinity":94,"s:197:8:197:Infinity":95,"s:200:23:209:Infinity":96,"f:200:23:200:24":24,"s:201:30:201:Infinity":97,"s:202:8:202:Infinity":98,"s:203:8:203:Infinity":99,"s:205:8:205:Infinity":100,"s:206:8:206:Infinity":101,"s:207:8:207:Infinity":102,"s:208:8:208:Infinity":103,"s:211:24:211:Infinity":104,"f:211:24:211:30":25,"s:211:30:211:Infinity":105,"s:213:23:216:Infinity":106,"f:213:23:213:29":26,"s:214:8:214:Infinity":107,"s:215:8:215:Infinity":108,"s:218:4:237:Infinity":109}}}
,"/Users/giwan/Sandbox/Pomodoro/basic-pom/src/hooks/useTimer.ts": {"path":"/Users/giwan/Sandbox/Pomodoro/basic-pom/src/hooks/useTimer.ts","statementMap":{"0":{"start":{"line":3,"column":17},"end":{"line":40,"column":null}},"1":{"start":{"line":4,"column":22},"end":{"line":4,"column":null}},"2":{"start":{"line":5,"column":30},"end":{"line":5,"column":null}},"3":{"start":{"line":6,"column":16},"end":{"line":6,"column":null}},"4":{"start":{"line":8,"column":16},"end":{"line":14,"column":null}},"5":{"start":{"line":9,"column":10},"end":{"line":9,"column":null}},"6":{"start":{"line":10,"column":4},"end":{"line":10,"column":null}},"7":{"start":{"line":10,"column":26},"end":{"line":10,"column":null}},"8":{"start":{"line":12,"column":4},"end":{"line":12,"column":null}},"9":{"start":{"line":13,"column":4},"end":{"line":13,"column":null}},"10":{"start":{"line":16,"column":16},"end":{"line":16,"column":null}},"11":{"start":{"line":16,"column":22},"end":{"line":16,"column":null}},"12":{"start":{"line":18,"column":16},"end":{"line":21,"column":null}},"13":{"start":{"line":19,"column":4},"end":{"line":19,"column":null}},"14":{"start":{"line":20,"column":4},"end":{"line":20,"column":null}},"15":{"start":{"line":23,"column":2},"end":{"line":37,"column":null}},"16":{"start":{"line":24,"column":4},"end":{"line":24,"column":null}},"17":{"start":{"line":24,"column":21},"end":{"line":24,"column":null}},"18":{"start":{"line":26,"column":21},"end":{"line":34,"column":null}},"19":{"start":{"line":27,"column":24},"end":{"line":27,"column":null}},"20":{"start":{"line":29,"column":6},"end":{"line":33,"column":null}},"21":{"start":{"line":30,"column":8},"end":{"line":30,"column":null}},"22":{"start":{"line":31,"column":8},"end":{"line":31,"column":null}},"23":{"start":{"line":32,"column":8},"end":{"line":32,"column":null}},"24":{"start":{"line":32,"column":22},"end":{"line":32,"column":null}},"25":{"start":{"line":33,"column":13},"end":{"line":33,"column":null}},"26":{"start":{"line":36,"column":4},"end":{"line":36,"column":null}},"27":{"start":{"line":36,"column":20},"end":{"line":36,"column":43}},"28":{"start":{"line":39,"column":2},"end":{"line":39,"column":null}}},"fnMap":{"0":{"name":"(anonymous_0)","decl":{"start":{"line":3,"column":17},"end":{"line":3,"column":18}},"loc":{"start":{"line":3,"column":65},"end":{"line":40,"column":null}},"line":3},"1":{"name":"(anonymous_1)","decl":{"start":{"line":8,"column":16},"end":{"line":8,"column":22}},"loc":{"start":{"line":8,"column":22},"end":{"line":14,"column":null}},"line":8},"2":{"name":"(anonymous_2)","decl":{"start":{"line":16,"column":16},"end":{"line":16,"column":22}},"loc":{"start":{"line":16,"column":22},"end":{"line":16,"column":null}},"line":16},"3":{"name":"(anonymous_3)","decl":{"start":{"line":18,"column":16},"end":{"line":18,"column":22}},"loc":{"start":{"line":18,"column":22},"end":{"line":21,"column":null}},"line":18},"4":{"name":"(anonymous_4)","decl":{"start":{"line":23,"column":15},"end":{"line":23,"column":21}},"loc":{"start":{"line":23,"column":21},"end":{"line":37,"column":3}},"line":23},"5":{"name":"(anonymous_5)","decl":{"start":{"line":26,"column":33},"end":{"line":26,"column":39}},"loc":{"start":{"line":26,"column":39},"end":{"line":34,"column":7}},"line":26},"6":{"name":"(anonymous_6)","decl":{"start":{"line":36,"column":14},"end":{"line":36,"column":20}},"loc":{"start":{"line":36,"column":20},"end":{"line":36,"column":43}},"line":36}},"branchMap":{"0":{"loc":{"start":{"line":10,"column":4},"end":{"line":10,"column":null}},"type":"if","locations":[{"start":{"line":10,"column":4},"end":{"line":10,"column":null}},{"start":{},"end":{}}],"line":10},"1":{"loc":{"start":{"line":24,"column":4},"end":{"line":24,"column":null}},"type":"if","locations":[{"start":{"line":24,"column":4},"end":{"line":24,"column":null}},{"start":{},"end":{}}],"line":24},"2":{"loc":{"start":{"line":29,"column":6},"end":{"line":33,"column":null}},"type":"if","locations":[{"start":{"line":29,"column":6},"end":{"line":33,"column":null}},{"start":{"line":33,"column":13},"end":{"line":33,"column":null}}],"line":29},"3":{"loc":{"start":{"line":32,"column":8},"end":{"line":32,"column":null}},"type":"if","locations":[{"start":{"line":32,"column":8},"end":{"line":32,"column":null}},{"start":{},"end":{}}],"line":32}},"s":{"0":1,"1":6,"2":6,"3":6,"4":6,"5":2,"6":2,"7":0,"8":2,"9":2,"10":6,"11":1,"12":6,"13":0,"14":0,"15":6,"16":4,"17":2,"18":2,"19":15000,"20":15000,"21":2,"22":2,"23":2,"24":2,"25":14998,"26":2,"27":2,"28":6},"f":{"0":6,"1":2,"2":1,"3":0,"4":4,"5":15000,"6":2},"b":{"0":[0,2],"1":[2,2],"2":[2,14998],"3":[2,0]},"meta":{"lastBranch":4,"lastFunction":7,"lastStatement":29,"seen":{"s:3:17:40:Infinity":0,"f:3:17:3:18":0,"s:4:22:4:Infinity":1,"s:5:30:5:Infinity":2,"s:6:16:6:Infinity":3,"s:8:16:14:Infinity":4,"f:8:16:8:22":1,"s:9:10:9:Infinity":5,"b:10:4:10:Infinity:undefined:undefined:undefined:undefined":0,"s:10:4:10:Infinity":6,"s:10:26:10:Infinity":7,"s:12:4:12:Infinity":8,"s:13:4:13:Infinity":9,"s:16:16:16:Infinity":10,"f:16:16:16:22":2,"s:16:22:16:Infinity":11,"s:18:16:21:Infinity":12,"f:18:16:18:22":3,"s:19:4:19:Infinity":13,"s:20:4:20:Infinity":14,"s:23:2:37:Infinity":15,"f:23:15:23:21":4,"b:24:4:24:Infinity:undefined:undefined:undefined:undefined":1,"s:24:4:24:Infinity":16,"s:24:21:24:Infinity":17,"s:26:21:34:Infinity":18,"f:26:33:26:39":5,"s:27:24:27:Infinity":19,"b:29:6:33:Infinity:33:13:33:Infinity":2,"s:29:6:33:Infinity":20,"s:30:8:30:Infinity":21,"s:31:8:31:Infinity":22,"b:32:8:32:Infinity:undefined:undefined:undefined:undefined":3,"s:32:8:32:Infinity":23,"s:32:22:32:Infinity":24,"s:33:13:33:Infinity":25,"s:36:4:36:Infinity":26,"f:36:14:36:20":6,"s:36:20:36:43":27,"s:39:2:39:Infinity":28}}}
,"/Users/giwan/Sandbox/Pomodoro/basic-pom/src/types/index.ts": {"path":"/Users/giwan/Sandbox/Pomodoro/basic-pom/src/types/index.ts","statementMap":{"0":{"start":{"line":3,"column":32},"end":{"line":7,"column":null}}},"fnMap":{},"branchMap":{},"s":{"0":1},"f":{},"b":{},"meta":{"lastBranch":0,"lastFunction":0,"lastStatement":1,"seen":{"s:3:32:7:Infinity":0}}}
,"/Users/giwan/Sandbox/Pomodoro/basic-pom/src/utils/audio.ts": {"path":"/Users/giwan/Sandbox/Pomodoro/basic-pom/src/utils/audio.ts","statementMap":{"0":{"start":{"line":1,"column":37},"end":{"line":21,"column":null}},"1":{"start":{"line":2,"column":25},"end":{"line":2,"column":null}},"2":{"start":{"line":3,"column":4},"end":{"line":3,"column":null}},"3":{"start":{"line":3,"column":23},"end":{"line":3,"column":null}},"4":{"start":{"line":5,"column":16},"end":{"line":5,"column":null}},"5":{"start":{"line":6,"column":16},"end":{"line":6,"column":null}},"6":{"start":{"line":7,"column":17},"end":{"line":7,"column":null}},"7":{"start":{"line":9,"column":4},"end":{"line":9,"column":null}},"8":{"start":{"line":10,"column":4},"end":{"line":10,"column":null}},"9":{"start":{"line":12,"column":4},"end":{"line":12,"column":null}},"10":{"start":{"line":13,"column":4},"end":{"line":13,"column":null}},"11":{"start":{"line":14,"column":4},"end":{"line":14,"column":null}},"12":{"start":{"line":16,"column":4},"end":{"line":16,"column":null}},"13":{"start":{"line":17,"column":4},"end":{"line":17,"column":null}},"14":{"start":{"line":19,"column":4},"end":{"line":19,"column":null}},"15":{"start":{"line":20,"column":4},"end":{"line":20,"column":null}}},"fnMap":{"0":{"name":"(anonymous_0)","decl":{"start":{"line":1,"column":37},"end":{"line":1,"column":43}},"loc":{"start":{"line":1,"column":43},"end":{"line":21,"column":null}},"line":1}},"branchMap":{"0":{"loc":{"start":{"line":2,"column":25},"end":{"line":2,"column":null}},"type":"binary-expr","locations":[{"start":{"line":2,"column":25},"end":{"line":2,"column":49}},{"start":{"line":2,"column":49},"end":{"line":2,"column":null}}],"line":2},"1":{"loc":{"start":{"line":3,"column":4},"end":{"line":3,"column":null}},"type":"if","locations":[{"start":{"line":3,"column":4},"end":{"line":3,"column":null}},{"start":{},"end":{}}],"line":3}},"s":{"0":1,"1":2,"2":2,"3":1,"4":1,"5":1,"6":1,"7":1,"8":1,"9":1,"10":1,"11":1,"12":1,"13":1,"14":1,"15":1},"f":{"0":2},"b":{"0":[2,1],"1":[1,1]},"meta":{"lastBranch":2,"lastFunction":1,"lastStatement":16,"seen":{"s:1:37:21:Infinity":0,"f:1:37:1:43":0,"s:2:25:2:Infinity":1,"b:2:25:2:49:2:49:2:Infinity":0,"b:3:4:3:Infinity:undefined:undefined:undefined:undefined":1,"s:3:4:3:Infinity":2,"s:3:23:3:Infinity":3,"s:5:16:5:Infinity":4,"s:6:16:6:Infinity":5,"s:7:17:7:Infinity":6,"s:9:4:9:Infinity":7,"s:10:4:10:Infinity":8,"s:12:4:12:Infinity":9,"s:13:4:13:Infinity":10,"s:14:4:14:Infinity":11,"s:16:4:16:Infinity":12,"s:17:4:17:Infinity":13,"s:19:4:19:Infinity":14,"s:20:4:20:Infinity":15}}}
,"/Users/giwan/Sandbox/Pomodoro/basic-pom/src/utils/formatting.ts": {"path":"/Users/giwan/Sandbox/Pomodoro/basic-pom/src/utils/formatting.ts","statementMap":{"0":{"start":{"line":1,"column":33},"end":{"line":2,"column":null}},"1":{"start":{"line":2,"column":4},"end":{"line":2,"column":null}}},"fnMap":{"0":{"name":"(anonymous_0)","decl":{"start":{"line":1,"column":33},"end":{"line":1,"column":34}},"loc":{"start":{"line":2,"column":4},"end":{"line":2,"column":null}},"line":2}},"branchMap":{},"s":{"0":2,"1":10},"f":{"0":10},"b":{},"meta":{"lastBranch":0,"lastFunction":1,"lastStatement":2,"seen":{"s:1:33:2:Infinity":0,"f:1:33:1:34":0,"s:2:4:2:Infinity":1}}}
}
