{"/Users/giwan/Sandbox/Pomodoro/basic-pom/src/components/TimerDisplay.tsx": {"path":"/Users/giwan/Sandbox/Pomodoro/basic-pom/src/components/TimerDisplay.tsx","statementMap":{"0":{"start":{"line":9,"column":6},"end":{"line":17,"column":null}},"1":{"start":{"line":10,"column":2},"end":{"line":14,"column":null}},"2":{"start":{"line":10,"column":2},"end":{"line":10,"column":null}},"3":{"start":{"line":10,"column":2},"end":{"line":12,"column":null}},"4":{"start":{"line":10,"column":2},"end":{"line":12,"column":65}},"5":{"start":{"line":12,"column":65},"end":{"line":14,"column":null}},"6":{"start":{"line":12,"column":65},"end":{"line":14,"column":65}},"7":{"start":{"line":14,"column":65},"end":{"line":14,"column":null}},"8":{"start":{"line":19,"column":28},"end":{"line":19,"column":null}}},"fnMap":{"0":{"name":"(anonymous_0)","decl":{"start":{"line":9,"column":52},"end":{"line":9,"column":62}},"loc":{"start":{"line":9,"column":62},"end":{"line":17,"column":1}},"line":9},"1":{"name":"(anonymous_1)","decl":{"start":{"line":10,"column":2},"end":{"line":10,"column":null}},"loc":{"start":{"line":10,"column":2},"end":{"line":14,"column":null}},"line":10},"2":{"name":"(anonymous_2)","decl":{"start":{"line":12,"column":65},"end":{"line":12,"column":null}},"loc":{"start":{"line":12,"column":65},"end":{"line":14,"column":65}},"line":12}},"branchMap":{"0":{"loc":{"start":{"line":19,"column":28},"end":{"line":19,"column":null}},"type":"if","locations":[{"start":{"line":19,"column":28},"end":{"line":19,"column":null}},{"start":{},"end":{}}],"line":19}},"s":{"0":1,"1":2,"2":2,"3":2,"4":2,"5":2,"6":2,"7":2,"8":1},"f":{"0":2,"1":4,"2":2},"b":{"0":[1,0]},"meta":{"lastBranch":1,"lastFunction":3,"lastStatement":9,"seen":{"s:9:6:17:Infinity":0,"f:9:52:9:62":0,"s:10:2:14:Infinity":1,"f:10:2:10:Infinity":1,"s:10:2:10:Infinity":2,"s:10:2:12:Infinity":3,"s:10:2:12:65":4,"s:12:65:14:Infinity":5,"f:12:65:12:Infinity":2,"s:12:65:14:65":6,"s:14:65:14:Infinity":7,"b:19:28:19:Infinity:undefined:undefined:undefined:undefined":0,"s:19:28:19:Infinity":8}}}
,"/Users/giwan/Sandbox/Pomodoro/basic-pom/src/utils/formatting.ts": {"path":"/Users/giwan/Sandbox/Pomodoro/basic-pom/src/utils/formatting.ts","statementMap":{"0":{"start":{"line":1,"column":33},"end":{"line":2,"column":null}},"1":{"start":{"line":2,"column":4},"end":{"line":2,"column":null}}},"fnMap":{"0":{"name":"(anonymous_0)","decl":{"start":{"line":1,"column":33},"end":{"line":1,"column":34}},"loc":{"start":{"line":2,"column":4},"end":{"line":2,"column":null}},"line":2}},"branchMap":{},"s":{"0":2,"1":10},"f":{"0":10},"b":{},"meta":{"lastBranch":0,"lastFunction":1,"lastStatement":2,"seen":{"s:1:33:2:Infinity":0,"f:1:33:1:34":0,"s:2:4:2:Infinity":1}}}
}
